#
# There is insufficient memory for the Java Runtime Environment to continue.
# Native memory allocation (malloc) failed to allocate 32744 bytes for ChunkPool::allocate
# Possible reasons:
#   The system is out of physical RAM or swap space
#   In 32 bit mode, the process size limit was hit
# Possible solutions:
#   Reduce memory load on the system
#   Increase physical memory or swap space
#   Check if swap backing store is full
#   Use 64 bit Java on a 64 bit OS
#   Decrease Java heap size (-Xmx/-Xms)
#   Decrease number of Java threads
#   Decrease Java thread stack sizes (-Xss)
#   Set larger code cache with -XX:ReservedCodeCacheSize=
# This output file may be truncated or incomplete.
#
#  Out of Memory Error (allocation.cpp:273), pid=14668, tid=16468
#
# JRE version: Java(TM) SE Runtime Environment (8.0_60-b27) (build 1.8.0_60-b27)
# Java VM: Java HotSpot(TM) 64-Bit Server VM (25.60-b23 mixed mode windows-amd64 compressed oops)
# Failed to write core dump. Minidumps are not enabled by default on client versions of Windows
#

---------------  T H R E A D  ---------------

Current thread (0x0000000015fe3000):  JavaThread "C1 CompilerThread2" daemon [_thread_in_native, id=16468, stack(0x00000000164e0000,0x00000000165e0000)]

Stack: [0x00000000164e0000,0x00000000165e0000]
[error occurred during error reporting (printing stack bounds), id 0xc0000005]

Native frames: (J=compiled Java code, j=interpreted, Vv=VM code, C=native code)


Current CompileTask:
C1:    841  439   !   3       com.android.dx.cf.code.BytecodeArray::parseInstruction (2764 bytes)


---------------  P R O C E S S  ---------------

Java Threads: ( => current thread )
  0x000000001621c000 JavaThread "pool-2-thread-4" [_thread_in_Java, id=20124, stack(0x0000000016be0000,0x0000000016ce0000)]
  0x000000001621b000 JavaThread "pool-2-thread-3" [_thread_blocked, id=21668, stack(0x0000000016ae0000,0x0000000016be0000)]
  0x000000001621f800 JavaThread "pool-2-thread-2" [_thread_in_vm, id=19064, stack(0x00000000169e0000,0x0000000016ae0000)]
  0x0000000016104000 JavaThread "pool-3-thread-1" [_thread_blocked, id=20004, stack(0x00000000168e0000,0x00000000169e0000)]
  0x0000000016101000 JavaThread "pool-2-thread-1" [_thread_blocked, id=21728, stack(0x00000000167e0000,0x00000000168e0000)]
  0x0000000015fe9800 JavaThread "Service Thread" daemon [_thread_blocked, id=22064, stack(0x00000000165e0000,0x00000000166e0000)]
=>0x0000000015fe3000 JavaThread "C1 CompilerThread2" daemon [_thread_in_native, id=16468, stack(0x00000000164e0000,0x00000000165e0000)]
  0x0000000015fe0800 JavaThread "C2 CompilerThread1" daemon [_thread_blocked, id=22520, stack(0x00000000163e0000,0x00000000164e0000)]
  0x00000000148bd000 JavaThread "C2 CompilerThread0" daemon [_thread_blocked, id=14192, stack(0x0000000015ee0000,0x0000000015fe0000)]
  0x00000000148bb800 JavaThread "Attach Listener" daemon [_thread_blocked, id=14728, stack(0x0000000015de0000,0x0000000015ee0000)]
  0x00000000148ba800 JavaThread "Signal Dispatcher" daemon [_thread_blocked, id=17648, stack(0x0000000015ce0000,0x0000000015de0000)]
  0x00000000021d2000 JavaThread "Finalizer" daemon [_thread_blocked, id=11764, stack(0x0000000015b00000,0x0000000015c00000)]
  0x00000000021cf000 JavaThread "Reference Handler" daemon [_thread_blocked, id=21600, stack(0x0000000015a00000,0x0000000015b00000)]
  0x00000000020e2800 JavaThread "main" [_thread_blocked, id=20748, stack(0x0000000001e70000,0x0000000001f70000)]

Other Threads:
  0x0000000014877800 VMThread [stack: 0x0000000015900000,0x0000000015a00000] [id=20512]
  0x0000000015ffe800 WatcherThread [stack: 0x00000000166e0000,0x00000000167e0000] [id=17836]

VM state:not at safepoint (normal execution)

VM Mutex/Monitor currently owned by a thread:  ([mutex/lock_event])
[0x0000000001fde2d0] SystemDictionary_lock - owner thread: 0x0000000000000000

Heap:
 PSYoungGen      total 76288K, used 14439K [0x00000000eab00000, 0x00000000f0000000, 0x0000000100000000)
  eden space 65536K, 22% used [0x00000000eab00000,0x00000000eb919d40,0x00000000eeb00000)
  from space 10752K, 0% used [0x00000000ef580000,0x00000000ef580000,0x00000000f0000000)
  to   space 10752K, 0% used [0x00000000eeb00000,0x00000000eeb00000,0x00000000ef580000)
 ParOldGen       total 175104K, used 0K [0x00000000c0000000, 0x00000000cab00000, 0x00000000eab00000)
  object space 175104K, 0% used [0x00000000c0000000,0x00000000c0000000,0x00000000cab00000)
 Metaspace       used 5050K, capacity 6288K, committed 6528K, reserved 1058816K
  class space    used 558K, capacity 584K, committed 640K, reserved 1048576K

Card table byte_map: [0x00000000115a0000,0x00000000117b0000] byte_map_base: 0x0000000010fa0000

Marking Bits: (ParMarkBitMap*) 0x00000000520fa5b0
 Begin Bits: [0x0000000011d10000, 0x0000000012d10000)
 End Bits:   [0x0000000012d10000, 0x0000000013d10000)

Polling page: 0x00000000001f0000

CodeCache: size=245760Kb used=1925Kb max_used=1937Kb free=243834Kb
 bounds [0x00000000021e0000, 0x0000000002450000, 0x00000000111e0000]
 total_blobs=699 nmethods=438 adapters=174
 compilation: enabled

Compilation events (10 events):
Event: 0.829 Thread 0x00000000148bd000  435       4       java.util.concurrent.ConcurrentHashMap::casTabAt (20 bytes)
Event: 0.830 Thread 0x0000000015fe0800 nmethod 434 0x00000000023bd490 code [0x00000000023bd5c0, 0x00000000023bd618]
Event: 0.830 Thread 0x00000000148bd000 nmethod 435 0x00000000023c2690 code [0x00000000023c27c0, 0x00000000023c2838]
Event: 0.830 Thread 0x0000000015fe0800  436       4       java.util.HashMap::getNode (148 bytes)
Event: 0.830 Thread 0x0000000015fe3000  437       3       com.android.dx.util.Bits::clear (21 bytes)
Event: 0.830 Thread 0x0000000015fe3000 nmethod 437 0x00000000023c22d0 code [0x00000000023c2420, 0x00000000023c2590]
Event: 0.830 Thread 0x0000000015fe3000  438       3       com.android.dx.cf.code.ByteOps::opInfo (6 bytes)
Event: 0.831 Thread 0x0000000015fe3000 nmethod 438 0x00000000023c1f50 code [0x00000000023c20a0, 0x00000000023c21f0]
Event: 0.831 Thread 0x0000000015fe3000  439   !   3       com.android.dx.cf.code.BytecodeArray::parseInstruction (2764 bytes)
Event: 0.835 Thread 0x0000000015fe0800 nmethod 436 0x00000000023c16d0 code [0x00000000023c1840, 0x00000000023c1c08]

GC Heap History (0 events):
No events

Deoptimization events (4 events):
Event: 0.683 Thread 0x000000001621f800 Uncommon trap: reason=class_check action=maybe_recompile pc=0x00000000023a35c8 method=java.util.HashMap.getNode(ILjava/lang/Object;)Ljava/util/HashMap$Node; @ 126
Event: 0.746 Thread 0x0000000016101000 Uncommon trap: reason=class_check action=maybe_recompile pc=0x00000000023a35c8 method=java.util.HashMap.getNode(ILjava/lang/Object;)Ljava/util/HashMap$Node; @ 126
Event: 0.746 Thread 0x0000000016101000 Uncommon trap: reason=class_check action=maybe_recompile pc=0x00000000023a35c8 method=java.util.HashMap.getNode(ILjava/lang/Object;)Ljava/util/HashMap$Node; @ 126
Event: 0.757 Thread 0x00000000020e2800 Uncommon trap: reason=class_check action=maybe_recompile pc=0x00000000023a35c8 method=java.util.HashMap.getNode(ILjava/lang/Object;)Ljava/util/HashMap$Node; @ 126

Internal exceptions (2 events):
Event: 0.101 Thread 0x00000000020e2800 Exception <a 'java/lang/NoSuchMethodError': Method sun.misc.Unsafe.defineClass(Ljava/lang/String;[BII)Ljava/lang/Class; name or signature does not match> (0x00000000eab0e658) thrown at [C:\re\workspace\8-2-build-windows-amd64-cygwin\jdk8u60\4407\hotspot\srŸQ•óCí¹?
Event: 0.101 Thread 0x00000000020e2800 Exception <a 'java/lang/NoSuchMethodError': Method sun.misc.Unsafe.prefetchRead(Ljava/lang/Object;J)V name or signature does not match> (0x00000000eab0e940) thrown at [C:\re\workspace\8-2-build-windows-amd64-cygwin\jdk8u60\4407\hotspot\src\share\vm\prims\j

Events (10 events):
Event: 0.829 loading class com/android/dx/dex/file/MethodIdItem
Event: 0.829 loading class com/android/dx/dex/file/MethodIdItem done
Event: 0.830 loading class com/android/dx/dex/code/form/Form51l
Event: 0.830 loading class com/android/dx/dex/code/form/Form51l done
Event: 0.837 loading class com/android/dx/dex/code/form/Form21c
Event: 0.837 loading class com/android/dx/dex/code/form/Form21c done
Event: 0.838 loading class com/android/dx/dex/code/form/Form31c
Event: 0.838 loading class com/android/dx/dex/code/form/Form31c done
Event: 0.839 loading class com/android/dx/dex/code/form/Form22c
Event: 0.839 loading class com/android/dx/dex/code/form/Form22c done


Dynamic libraries:
0x00007ff6c6230000 - 0x00007ff6c6267000 	C:\Program Files\Java\jdk1.8.0_60\bin\java.exe
0x00007ffd3c0d0000 - 0x00007ffd3c291000 	C:\WINDOWS\SYSTEM32\ntdll.dll
0x00007ffd3c000000 - 0x00007ffd3c0ad000 	C:\WINDOWS\system32\KERNEL32.DLL
0x00007ffd392e0000 - 0x00007ffd394c8000 	C:\WINDOWS\system32\KERNELBASE.dll
0x00007ffd3bf50000 - 0x00007ffd3bff7000 	C:\WINDOWS\system32\ADVAPI32.dll
0x00007ffd3beb0000 - 0x00007ffd3bf4d000 	C:\WINDOWS\system32\msvcrt.dll
0x00007ffd3be50000 - 0x00007ffd3beab000 	C:\WINDOWS\system32\sechost.dll
0x00007ffd39820000 - 0x00007ffd3993c000 	C:\WINDOWS\system32\RPCRT4.dll
0x00007ffd3b100000 - 0x00007ffd3b256000 	C:\WINDOWS\system32\USER32.dll
0x00007ffd3b3b0000 - 0x00007ffd3b536000 	C:\WINDOWS\system32\GDI32.dll
0x00007ffd27810000 - 0x00007ffd27a84000 	C:\WINDOWS\WinSxS\amd64_microsoft.windows.common-controls_6595b64144ccf1df_6.0.10586.0_none_8c15ae12515e1c22\COMCTL32.dll
0x00007ffd394d0000 - 0x00007ffd3974d000 	C:\WINDOWS\system32\combase.dll
0x00007ffd38ab0000 - 0x00007ffd38b1a000 	C:\WINDOWS\system32\bcryptPrimitives.dll
0x00007ffd3b7c0000 - 0x00007ffd3b7fb000 	C:\WINDOWS\system32\IMM32.DLL
0x0000000051720000 - 0x00000000517f2000 	C:\Program Files\Java\jdk1.8.0_60\jre\bin\msvcr100.dll
0x00000000518f0000 - 0x0000000052179000 	C:\Program Files\Java\jdk1.8.0_60\jre\bin\server\jvm.dll
0x00007ffd3af80000 - 0x00007ffd3af88000 	C:\WINDOWS\system32\PSAPI.DLL
0x00007ffd2ad50000 - 0x00007ffd2ad59000 	C:\WINDOWS\SYSTEM32\WSOCK32.dll
0x00007ffd39940000 - 0x00007ffd399ab000 	C:\WINDOWS\system32\WS2_32.dll
0x00007ffd36dc0000 - 0x00007ffd36de3000 	C:\WINDOWS\SYSTEM32\WINMM.dll
0x00007ffd2b770000 - 0x00007ffd2b77a000 	C:\WINDOWS\SYSTEM32\VERSION.dll
0x00007ffd36d90000 - 0x00007ffd36dbc000 	C:\WINDOWS\SYSTEM32\WINMMBASE.dll
0x00007ffd39290000 - 0x00007ffd392d3000 	C:\WINDOWS\system32\cfgmgr32.dll
0x0000000052680000 - 0x000000005268f000 	C:\Program Files\Java\jdk1.8.0_60\jre\bin\verify.dll
0x0000000052650000 - 0x0000000052679000 	C:\Program Files\Java\jdk1.8.0_60\jre\bin\java.dll
0x0000000052630000 - 0x0000000052646000 	C:\Program Files\Java\jdk1.8.0_60\jre\bin\zip.dll
0x00007ffd399b0000 - 0x00007ffd3af0c000 	C:\WINDOWS\system32\SHELL32.dll
0x00007ffd38b20000 - 0x00007ffd39165000 	C:\WINDOWS\system32\windows.storage.dll
0x00007ffd3b540000 - 0x00007ffd3b592000 	C:\WINDOWS\system32\shlwapi.dll
0x00007ffd38770000 - 0x00007ffd3877f000 	C:\WINDOWS\system32\kernel.appcore.dll
0x00007ffd39170000 - 0x00007ffd39225000 	C:\WINDOWS\system32\shcore.dll
0x00007ffd386f0000 - 0x00007ffd3873b000 	C:\WINDOWS\system32\powrprof.dll
0x00007ffd38740000 - 0x00007ffd38754000 	C:\WINDOWS\system32\profapi.dll

VM Arguments:
jvm_args: -Djava.awt.headless=true -Xmx1024M -Dfile.encoding=windows-1252 -Duser.country=US -Duser.language=en -Duser.variant 
java_command: com.android.dx.command.Main --dex --force-jumbo --num-threads=4 --multi-dex --output C:\Users\leonllyu\AndroidStudioProjects\Lab3a_IntentsLab\app\build\intermediates\transforms\dex\debug\folders\1000\5\slice_5 C:\Users\leonllyu\AndroidStudioProjects\Lab3a_IntentsLab\app\build\intermediates\transforms\instantRunSlicer\debug\folders\1\5\slice_5
java_class_path (initial): C:\Users\leonllyu\AppData\Local\Android\sdk\build-tools\23.0.3\lib\dx.jar
Launcher Type: SUN_STANDARD

Environment Variables:
JAVA_HOME=C:\Program Files\Java\jdk1.8.0_60
USERNAME=leonllyu
OS=Windows_NT
PROCESSOR_IDENTIFIER=Intel64 Family 6 Model 61 Stepping 4, GenuineIntel



---------------  S Y S T E M  ---------------

OS: Windows 10.0 , 64 bit Build 10586 (10.0.10586.0)

CPU:total 4 (2 cores per cpu, 2 threads per core) family 6 model 61 stepping 4, cmov, cx8, fxsr, mmx, sse, sse2, sse3, ssse3, sse4.1, sse4.2, popcnt, avx, avx2, aes, clmul, erms, 3dnowpref, lzcnt, ht, tsc, tscinvbit, bmi1, bmi2, adx

Memory: 4k page, physical 16688992k(7965564k free), swap 19965788k(1872k free)

vm_info: Java HotSpot(TM) 64-Bit Server VM (25.60-b23) for windows-amd64 JRE (1.8.0_60-b27), built on Aug  4 2015 11:06:27 by "java_re" with MS VC++ 10.0 (VS2010)

time: Sun Jun 12 07:58:42 2016
elapsed time: 0 seconds (0d 0h 0m 0s)

